<?xml version="1.0" encoding="UTF-8"?>
<coverage generated="1743826439560" clover="3.2.0">
  <project timestamp="1743826439561" name="All files">
    <metrics statements="180" coveredstatements="159" conditionals="85" coveredconditionals="67" methods="53" coveredmethods="48" elements="318" coveredelements="274" complexity="0" loc="180" ncloc="180" packages="1" files="6" classes="6"/>
    <file name="course-offering.js" path="C:\Users\zebro\Documents\SER 330\Course-Registration-System-2025\src\course-offering.js">
      <metrics statements="25" coveredstatements="24" conditionals="8" coveredconditionals="7" methods="6" coveredmethods="6"/>
      <line num="1" count="4" type="stmt"/>
      <line num="5" count="27" type="stmt"/>
      <line num="6" count="27" type="stmt"/>
      <line num="7" count="27" type="stmt"/>
      <line num="8" count="27" type="stmt"/>
      <line num="9" count="27" type="stmt"/>
      <line num="10" count="27" type="stmt"/>
      <line num="11" count="27" type="stmt"/>
      <line num="15" count="10" type="stmt"/>
      <line num="16" count="11" type="stmt"/>
      <line num="17" count="11" type="stmt"/>
      <line num="22" count="8" type="stmt"/>
      <line num="26" count="7" type="stmt"/>
      <line num="27" count="7" type="cond" truecount="4" falsecount="0"/>
      <line num="29" count="6" type="stmt"/>
      <line num="30" count="6" type="stmt"/>
      <line num="31" count="6" type="stmt"/>
      <line num="36" count="1" type="stmt"/>
      <line num="43" count="1" type="cond" truecount="1" falsecount="1"/>
      <line num="44" count="1" type="stmt"/>
      <line num="46" count="0" type="stmt"/>
      <line num="51" count="40" type="cond" truecount="2" falsecount="0"/>
      <line num="52" count="28" type="stmt"/>
      <line num="54" count="12" type="stmt"/>
      <line num="60" count="4" type="stmt"/>
    </file>
    <file name="course.js" path="C:\Users\zebro\Documents\SER 330\Course-Registration-System-2025\src\course.js">
      <metrics statements="6" coveredstatements="6" conditionals="0" coveredconditionals="0" methods="2" coveredmethods="2"/>
      <line num="3" count="29" type="stmt"/>
      <line num="4" count="29" type="stmt"/>
      <line num="5" count="29" type="stmt"/>
      <line num="6" count="29" type="stmt"/>
      <line num="11" count="1" type="stmt"/>
      <line num="15" count="5" type="stmt"/>
    </file>
    <file name="institution.js" path="C:\Users\zebro\Documents\SER 330\Course-Registration-System-2025\src\institution.js">
      <metrics statements="97" coveredstatements="80" conditionals="59" coveredconditionals="45" methods="22" coveredmethods="18"/>
      <line num="1" count="4" type="stmt"/>
      <line num="2" count="4" type="stmt"/>
      <line num="3" count="4" type="stmt"/>
      <line num="4" count="4" type="stmt"/>
      <line num="8" count="37" type="stmt"/>
      <line num="9" count="37" type="stmt"/>
      <line num="10" count="37" type="stmt"/>
      <line num="11" count="37" type="stmt"/>
      <line num="12" count="37" type="stmt"/>
      <line num="13" count="37" type="stmt"/>
      <line num="17" count="1" type="stmt"/>
      <line num="19" count="1" type="stmt"/>
      <line num="20" count="1" type="stmt"/>
      <line num="22" count="1" type="stmt"/>
      <line num="24" count="1" type="stmt"/>
      <line num="25" count="1" type="stmt"/>
      <line num="26" count="1" type="stmt"/>
      <line num="30" count="10" type="cond" truecount="2" falsecount="0"/>
      <line num="31" count="9" type="cond" truecount="2" falsecount="0"/>
      <line num="32" count="2" type="stmt"/>
      <line num="33" count="2" type="stmt"/>
      <line num="35" count="7" type="stmt"/>
      <line num="38" count="1" type="stmt"/>
      <line num="43" count="8" type="stmt"/>
      <line num="44" count="7" type="cond" truecount="6" falsecount="1"/>
      <line num="45" count="7" type="cond" truecount="1" falsecount="1"/>
      <line num="46" count="7" type="cond" truecount="2" falsecount="0"/>
      <line num="47" count="1" type="stmt"/>
      <line num="48" count="1" type="stmt"/>
      <line num="50" count="6" type="stmt"/>
      <line num="54" count="0" type="stmt"/>
      <line num="61" count="1" type="stmt"/>
      <line num="62" count="1" type="stmt"/>
      <line num="63" count="1" type="stmt"/>
      <line num="64" count="1" type="stmt"/>
      <line num="65" count="1" type="stmt"/>
      <line num="69" count="10" type="cond" truecount="2" falsecount="0"/>
      <line num="70" count="9" type="cond" truecount="2" falsecount="0"/>
      <line num="71" count="1" type="stmt"/>
      <line num="72" count="1" type="stmt"/>
      <line num="73" count="1" type="stmt"/>
      <line num="75" count="8" type="stmt"/>
      <line num="76" count="8" type="stmt"/>
      <line num="79" count="1" type="stmt"/>
      <line num="84" count="12" type="stmt"/>
      <line num="85" count="12" type="cond" truecount="6" falsecount="1"/>
      <line num="86" count="12" type="cond" truecount="1" falsecount="1"/>
      <line num="87" count="0" type="stmt"/>
      <line num="88" count="0" type="stmt"/>
      <line num="89" count="0" type="stmt"/>
      <line num="91" count="12" type="stmt"/>
      <line num="92" count="12" type="stmt"/>
      <line num="93" count="12" type="stmt"/>
      <line num="96" count="0" type="stmt"/>
      <line num="102" count="0" type="stmt"/>
      <line num="103" count="0" type="stmt"/>
      <line num="104" count="0" type="stmt"/>
      <line num="106" count="0" type="stmt"/>
      <line num="110" count="3" type="cond" truecount="2" falsecount="0"/>
      <line num="111" count="1" type="stmt"/>
      <line num="112" count="1" type="stmt"/>
      <line num="113" count="1" type="stmt"/>
      <line num="114" count="1" type="cond" truecount="3" falsecount="0"/>
      <line num="115" count="1" type="stmt"/>
      <line num="117" count="1" type="cond" truecount="1" falsecount="1"/>
      <line num="118" count="1" type="stmt"/>
      <line num="120" count="0" type="stmt"/>
      <line num="121" count="0" type="stmt"/>
      <line num="124" count="2" type="stmt"/>
      <line num="125" count="2" type="stmt"/>
      <line num="126" count="2" type="cond" truecount="2" falsecount="0"/>
      <line num="127" count="1" type="stmt"/>
      <line num="128" count="1" type="cond" truecount="1" falsecount="1"/>
      <line num="129" count="1" type="stmt"/>
      <line num="131" count="1" type="cond" truecount="1" falsecount="1"/>
      <line num="132" count="0" type="stmt"/>
      <line num="134" count="1" type="stmt"/>
      <line num="135" count="1" type="stmt"/>
      <line num="138" count="1" type="stmt"/>
      <line num="139" count="1" type="stmt"/>
      <line num="145" count="0" type="stmt"/>
      <line num="146" count="0" type="cond" truecount="0" falsecount="7"/>
      <line num="147" count="0" type="stmt"/>
      <line num="148" count="0" type="stmt"/>
      <line num="149" count="0" type="stmt"/>
      <line num="156" count="26" type="cond" truecount="2" falsecount="0"/>
      <line num="157" count="25" type="cond" truecount="2" falsecount="0"/>
      <line num="158" count="1" type="stmt"/>
      <line num="160" count="24" type="stmt"/>
      <line num="163" count="1" type="stmt"/>
      <line num="168" count="25" type="cond" truecount="2" falsecount="0"/>
      <line num="169" count="23" type="cond" truecount="2" falsecount="0"/>
      <line num="170" count="22" type="cond" truecount="2" falsecount="0"/>
      <line num="171" count="22" type="stmt"/>
      <line num="173" count="1" type="stmt"/>
      <line num="176" count="2" type="stmt"/>
      <line num="181" count="4" type="stmt"/>
    </file>
    <file name="instructor.js" path="C:\Users\zebro\Documents\SER 330\Course-Registration-System-2025\src\instructor.js">
      <metrics statements="19" coveredstatements="19" conditionals="12" coveredconditionals="12" methods="14" coveredmethods="13"/>
      <line num="1" count="4" type="stmt"/>
      <line num="5" count="14" type="stmt"/>
      <line num="7" count="14" type="stmt"/>
      <line num="11" count="4" type="cond" truecount="4" falsecount="0"/>
      <line num="12" count="3" type="cond" truecount="2" falsecount="0"/>
      <line num="13" count="1" type="stmt"/>
      <line num="14" count="1" type="stmt"/>
      <line num="15" count="3" type="cond" truecount="2" falsecount="0"/>
      <line num="16" count="3" type="stmt"/>
      <line num="17" count="1" type="stmt"/>
      <line num="18" count="2" type="stmt"/>
      <line num="19" count="2" type="cond" truecount="2" falsecount="0"/>
      <line num="20" count="3" type="stmt"/>
      <line num="21" count="1" type="stmt"/>
      <line num="22" count="2" type="stmt"/>
      <line num="24" count="2" type="stmt"/>
      <line num="25" count="3" type="stmt"/>
      <line num="30" count="1" type="stmt"/>
      <line num="37" count="4" type="stmt"/>
    </file>
    <file name="person.js" path="C:\Users\zebro\Documents\SER 330\Course-Registration-System-2025\src\person.js">
      <metrics statements="9" coveredstatements="9" conditionals="0" coveredconditionals="0" methods="3" coveredmethods="3"/>
      <line num="3" count="33" type="stmt"/>
      <line num="4" count="33" type="stmt"/>
      <line num="5" count="33" type="stmt"/>
      <line num="6" count="33" type="stmt"/>
      <line num="7" count="33" type="stmt"/>
      <line num="8" count="33" type="stmt"/>
      <line num="12" count="5" type="stmt"/>
      <line num="16" count="1" type="stmt"/>
      <line num="24" count="5" type="stmt"/>
    </file>
    <file name="student.js" path="C:\Users\zebro\Documents\SER 330\Course-Registration-System-2025\src\student.js">
      <metrics statements="24" coveredstatements="21" conditionals="6" coveredconditionals="3" methods="6" coveredmethods="6"/>
      <line num="1" count="4" type="stmt"/>
      <line num="5" count="16" type="stmt"/>
      <line num="6" count="16" type="stmt"/>
      <line num="7" count="16" type="stmt"/>
      <line num="11" count="1" type="stmt"/>
      <line num="13" count="3" type="stmt"/>
      <line num="14" count="3" type="cond" truecount="1" falsecount="1"/>
      <line num="15" count="0" type="stmt"/>
      <line num="17" count="1" type="stmt"/>
      <line num="21" count="5" type="stmt"/>
      <line num="22" count="5" type="stmt"/>
      <line num="23" count="4" type="stmt"/>
      <line num="25" count="5" type="stmt"/>
      <line num="29" count="6" type="stmt"/>
      <line num="30" count="6" type="stmt"/>
      <line num="32" count="6" type="stmt"/>
      <line num="48" count="6" type="stmt"/>
      <line num="49" count="5" type="cond" truecount="1" falsecount="1"/>
      <line num="50" count="0" type="stmt"/>
      <line num="51" count="0" type="stmt"/>
      <line num="55" count="6" type="cond" truecount="1" falsecount="1"/>
      <line num="56" count="6" type="stmt"/>
      <line num="60" count="5" type="stmt"/>
      <line num="70" count="4" type="stmt"/>
    </file>
  </project>
</coverage>
