{"C:\\Users\\zebro\\Documents\\SER 330\\Course-Registration-System-2025\\src\\course-offering.js": {"path":"C:\\Users\\zebro\\Documents\\SER 330\\Course-Registration-System-2025\\src\\course-offering.js","statementMap":{"0":{"start":{"line":1,"column":16},"end":{"line":1,"column":39}},"1":{"start":{"line":5,"column":4},"end":{"line":5,"column":24}},"2":{"start":{"line":6,"column":4},"end":{"line":6,"column":38}},"3":{"start":{"line":7,"column":4},"end":{"line":7,"column":26}},"4":{"start":{"line":8,"column":4},"end":{"line":8,"column":20}},"5":{"start":{"line":9,"column":4},"end":{"line":9,"column":26}},"6":{"start":{"line":10,"column":4},"end":{"line":10,"column":32}},"7":{"start":{"line":11,"column":4},"end":{"line":11,"column":20}},"8":{"start":{"line":15,"column":4},"end":{"line":18,"column":5}},"9":{"start":{"line":16,"column":6},"end":{"line":16,"column":43}},"10":{"start":{"line":17,"column":6},"end":{"line":17,"column":35}},"11":{"start":{"line":22,"column":4},"end":{"line":22,"column":34}},"12":{"start":{"line":26,"column":24},"end":{"line":26,"column":97}},"13":{"start":{"line":27,"column":4},"end":{"line":37,"column":5}},"14":{"start":{"line":29,"column":6},"end":{"line":29,"column":43}},"15":{"start":{"line":30,"column":18},"end":{"line":30,"column":33}},"16":{"start":{"line":31,"column":6},"end":{"line":31,"column":37}},"17":{"start":{"line":36,"column":6},"end":{"line":36,"column":41}},"18":{"start":{"line":43,"column":4},"end":{"line":47,"column":5}},"19":{"start":{"line":44,"column":6},"end":{"line":44,"column":42}},"20":{"start":{"line":46,"column":6},"end":{"line":46,"column":33}},"21":{"start":{"line":51,"column":4},"end":{"line":55,"column":5}},"22":{"start":{"line":52,"column":6},"end":{"line":52,"column":194}},"23":{"start":{"line":54,"column":6},"end":{"line":54,"column":136}},"24":{"start":{"line":60,"column":0},"end":{"line":60,"column":31}}},"fnMap":{"0":{"name":"(anonymous_0)","decl":{"start":{"line":4,"column":2},"end":{"line":4,"column":3}},"loc":{"start":{"line":4,"column":53},"end":{"line":12,"column":3}},"line":4},"1":{"name":"(anonymous_1)","decl":{"start":{"line":14,"column":2},"end":{"line":14,"column":3}},"loc":{"start":{"line":14,"column":31},"end":{"line":19,"column":3}},"line":14},"2":{"name":"(anonymous_2)","decl":{"start":{"line":21,"column":2},"end":{"line":21,"column":3}},"loc":{"start":{"line":21,"column":18},"end":{"line":23,"column":3}},"line":21},"3":{"name":"(anonymous_3)","decl":{"start":{"line":25,"column":2},"end":{"line":25,"column":3}},"loc":{"start":{"line":25,"column":32},"end":{"line":38,"column":3}},"line":25},"4":{"name":"(anonymous_4)","decl":{"start":{"line":42,"column":2},"end":{"line":42,"column":3}},"loc":{"start":{"line":42,"column":22},"end":{"line":48,"column":3}},"line":42},"5":{"name":"(anonymous_5)","decl":{"start":{"line":50,"column":2},"end":{"line":50,"column":3}},"loc":{"start":{"line":50,"column":14},"end":{"line":56,"column":3}},"line":50}},"branchMap":{"0":{"loc":{"start":{"line":27,"column":4},"end":{"line":37,"column":5}},"type":"if","locations":[{"start":{"line":27,"column":4},"end":{"line":37,"column":5}},{"start":{"line":35,"column":11},"end":{"line":37,"column":5}}],"line":27},"1":{"loc":{"start":{"line":27,"column":8},"end":{"line":27,"column":65}},"type":"binary-expr","locations":[{"start":{"line":27,"column":8},"end":{"line":27,"column":34}},{"start":{"line":27,"column":38},"end":{"line":27,"column":65}}],"line":27},"2":{"loc":{"start":{"line":43,"column":4},"end":{"line":47,"column":5}},"type":"if","locations":[{"start":{"line":43,"column":4},"end":{"line":47,"column":5}},{"start":{"line":45,"column":11},"end":{"line":47,"column":5}}],"line":43},"3":{"loc":{"start":{"line":51,"column":4},"end":{"line":55,"column":5}},"type":"if","locations":[{"start":{"line":51,"column":4},"end":{"line":55,"column":5}},{"start":{"line":53,"column":11},"end":{"line":55,"column":5}}],"line":51}},"s":{"0":4,"1":27,"2":27,"3":27,"4":27,"5":27,"6":27,"7":27,"8":10,"9":11,"10":11,"11":8,"12":7,"13":7,"14":6,"15":6,"16":6,"17":1,"18":1,"19":1,"20":0,"21":40,"22":28,"23":12,"24":4},"f":{"0":27,"1":10,"2":8,"3":7,"4":1,"5":40},"b":{"0":[6,1],"1":[7,7],"2":[1,0],"3":[28,12]},"_coverageSchema":"1a1c01bbd47fc00a2c39e90264f33305004495a9","hash":"31324622256973b8ad9e8a8625b37d80e5d0b3f3"}
,"C:\\Users\\zebro\\Documents\\SER 330\\Course-Registration-System-2025\\src\\course.js": {"path":"C:\\Users\\zebro\\Documents\\SER 330\\Course-Registration-System-2025\\src\\course.js","statementMap":{"0":{"start":{"line":3,"column":4},"end":{"line":3,"column":32}},"1":{"start":{"line":4,"column":4},"end":{"line":4,"column":24}},"2":{"start":{"line":5,"column":4},"end":{"line":5,"column":20}},"3":{"start":{"line":6,"column":4},"end":{"line":6,"column":26}},"4":{"start":{"line":11,"column":4},"end":{"line":11,"column":86}},"5":{"start":{"line":15,"column":0},"end":{"line":15,"column":23}}},"fnMap":{"0":{"name":"(anonymous_0)","decl":{"start":{"line":2,"column":2},"end":{"line":2,"column":3}},"loc":{"start":{"line":2,"column":50},"end":{"line":7,"column":3}},"line":2},"1":{"name":"(anonymous_1)","decl":{"start":{"line":9,"column":2},"end":{"line":9,"column":3}},"loc":{"start":{"line":9,"column":14},"end":{"line":12,"column":3}},"line":9}},"branchMap":{},"s":{"0":29,"1":29,"2":29,"3":29,"4":1,"5":5},"f":{"0":29,"1":1},"b":{},"_coverageSchema":"1a1c01bbd47fc00a2c39e90264f33305004495a9","hash":"8f3110e6a94991662ad974ba4210a69c82219c43"}
,"C:\\Users\\zebro\\Documents\\SER 330\\Course-Registration-System-2025\\src\\institution.js": {"path":"C:\\Users\\zebro\\Documents\\SER 330\\Course-Registration-System-2025\\src\\institution.js","statementMap":{"0":{"start":{"line":1,"column":15},"end":{"line":1,"column":37}},"1":{"start":{"line":2,"column":16},"end":{"line":2,"column":39}},"2":{"start":{"line":3,"column":23},"end":{"line":3,"column":54}},"3":{"start":{"line":4,"column":19},"end":{"line":4,"column":45}},"4":{"start":{"line":8,"column":4},"end":{"line":8,"column":20}},"5":{"start":{"line":9,"column":4},"end":{"line":9,"column":24}},"6":{"start":{"line":10,"column":4},"end":{"line":10,"column":25}},"7":{"start":{"line":11,"column":4},"end":{"line":11,"column":27}},"8":{"start":{"line":12,"column":4},"end":{"line":12,"column":28}},"9":{"start":{"line":13,"column":4},"end":{"line":13,"column":25}},"10":{"start":{"line":17,"column":14},"end":{"line":17,"column":95}},"11":{"start":{"line":19,"column":24},"end":{"line":19,"column":115}},"12":{"start":{"line":19,"column":71},"end":{"line":19,"column":114}},"13":{"start":{"line":20,"column":30},"end":{"line":20,"column":48}},"14":{"start":{"line":22,"column":4},"end":{"line":22,"column":65}},"15":{"start":{"line":22,"column":41},"end":{"line":22,"column":64}},"16":{"start":{"line":24,"column":4},"end":{"line":24,"column":15}},"17":{"start":{"line":25,"column":4},"end":{"line":25,"column":20}},"18":{"start":{"line":26,"column":4},"end":{"line":26,"column":15}},"19":{"start":{"line":30,"column":4},"end":{"line":39,"column":5}},"20":{"start":{"line":31,"column":6},"end":{"line":36,"column":7}},"21":{"start":{"line":32,"column":8},"end":{"line":32,"column":84}},"22":{"start":{"line":33,"column":8},"end":{"line":33,"column":78}},"23":{"start":{"line":35,"column":8},"end":{"line":35,"column":52}},"24":{"start":{"line":38,"column":6},"end":{"line":38,"column":56}},"25":{"start":{"line":43,"column":4},"end":{"line":56,"column":5}},"26":{"start":{"line":44,"column":6},"end":{"line":55,"column":7}},"27":{"start":{"line":45,"column":8},"end":{"line":52,"column":9}},"28":{"start":{"line":46,"column":10},"end":{"line":51,"column":11}},"29":{"start":{"line":47,"column":12},"end":{"line":47,"column":106}},"30":{"start":{"line":48,"column":12},"end":{"line":48,"column":100}},"31":{"start":{"line":50,"column":12},"end":{"line":50,"column":49}},"32":{"start":{"line":54,"column":8},"end":{"line":54,"column":194}},"33":{"start":{"line":61,"column":24},"end":{"line":61,"column":124}},"34":{"start":{"line":61,"column":74},"end":{"line":61,"column":123}},"35":{"start":{"line":62,"column":30},"end":{"line":62,"column":48}},"36":{"start":{"line":63,"column":17},"end":{"line":63,"column":96}},"37":{"start":{"line":64,"column":4},"end":{"line":64,"column":74}},"38":{"start":{"line":64,"column":44},"end":{"line":64,"column":73}},"39":{"start":{"line":65,"column":4},"end":{"line":65,"column":18}},"40":{"start":{"line":69,"column":4},"end":{"line":80,"column":5}},"41":{"start":{"line":70,"column":6},"end":{"line":77,"column":7}},"42":{"start":{"line":71,"column":20},"end":{"line":71,"column":103}},"43":{"start":{"line":72,"column":8},"end":{"line":72,"column":24}},"44":{"start":{"line":73,"column":8},"end":{"line":73,"column":19}},"45":{"start":{"line":75,"column":8},"end":{"line":75,"column":58}},"46":{"start":{"line":76,"column":8},"end":{"line":76,"column":69}},"47":{"start":{"line":79,"column":6},"end":{"line":79,"column":59}},"48":{"start":{"line":84,"column":4},"end":{"line":98,"column":5}},"49":{"start":{"line":85,"column":6},"end":{"line":97,"column":7}},"50":{"start":{"line":86,"column":8},"end":{"line":94,"column":9}},"51":{"start":{"line":87,"column":22},"end":{"line":87,"column":102}},"52":{"start":{"line":88,"column":10},"end":{"line":88,"column":26}},"53":{"start":{"line":89,"column":10},"end":{"line":89,"column":21}},"54":{"start":{"line":91,"column":10},"end":{"line":91,"column":42}},"55":{"start":{"line":92,"column":10},"end":{"line":92,"column":46}},"56":{"start":{"line":93,"column":10},"end":{"line":93,"column":110}},"57":{"start":{"line":96,"column":8},"end":{"line":96,"column":83}},"58":{"start":{"line":102,"column":4},"end":{"line":102,"column":92}},"59":{"start":{"line":103,"column":4},"end":{"line":105,"column":5}},"60":{"start":{"line":104,"column":6},"end":{"line":104,"column":25}},"61":{"start":{"line":106,"column":4},"end":{"line":106,"column":21}},"62":{"start":{"line":110,"column":4},"end":{"line":141,"column":5}},"63":{"start":{"line":111,"column":23},"end":{"line":111,"column":25}},"64":{"start":{"line":112,"column":6},"end":{"line":112,"column":110}},"65":{"start":{"line":113,"column":6},"end":{"line":116,"column":7}},"66":{"start":{"line":114,"column":25},"end":{"line":114,"column":148}},"67":{"start":{"line":114,"column":54},"end":{"line":114,"column":147}},"68":{"start":{"line":115,"column":8},"end":{"line":115,"column":64}},"69":{"start":{"line":115,"column":33},"end":{"line":115,"column":63}},"70":{"start":{"line":117,"column":6},"end":{"line":122,"column":7}},"71":{"start":{"line":118,"column":8},"end":{"line":118,"column":51}},"72":{"start":{"line":118,"column":33},"end":{"line":118,"column":50}},"73":{"start":{"line":120,"column":8},"end":{"line":120,"column":56}},"74":{"start":{"line":121,"column":8},"end":{"line":121,"column":60}},"75":{"start":{"line":124,"column":23},"end":{"line":124,"column":25}},"76":{"start":{"line":125,"column":6},"end":{"line":125,"column":101}},"77":{"start":{"line":126,"column":6},"end":{"line":140,"column":7}},"78":{"start":{"line":127,"column":8},"end":{"line":130,"column":9}},"79":{"start":{"line":128,"column":27},"end":{"line":128,"column":111}},"80":{"start":{"line":128,"column":56},"end":{"line":128,"column":110}},"81":{"start":{"line":129,"column":10},"end":{"line":129,"column":66}},"82":{"start":{"line":129,"column":35},"end":{"line":129,"column":65}},"83":{"start":{"line":131,"column":8},"end":{"line":136,"column":9}},"84":{"start":{"line":132,"column":10},"end":{"line":132,"column":53}},"85":{"start":{"line":132,"column":35},"end":{"line":132,"column":52}},"86":{"start":{"line":134,"column":10},"end":{"line":134,"column":68}},"87":{"start":{"line":135,"column":10},"end":{"line":135,"column":62}},"88":{"start":{"line":138,"column":8},"end":{"line":138,"column":55}},"89":{"start":{"line":139,"column":8},"end":{"line":139,"column":49}},"90":{"start":{"line":145,"column":4},"end":{"line":152,"column":5}},"91":{"start":{"line":146,"column":6},"end":{"line":151,"column":7}},"92":{"start":{"line":147,"column":8},"end":{"line":147,"column":123}},"93":{"start":{"line":148,"column":8},"end":{"line":150,"column":9}},"94":{"start":{"line":149,"column":10},"end":{"line":149,"column":66}},"95":{"start":{"line":156,"column":4},"end":{"line":164,"column":5}},"96":{"start":{"line":157,"column":6},"end":{"line":161,"column":7}},"97":{"start":{"line":158,"column":8},"end":{"line":158,"column":46}},"98":{"start":{"line":160,"column":8},"end":{"line":160,"column":48}},"99":{"start":{"line":163,"column":6},"end":{"line":163,"column":67}},"100":{"start":{"line":168,"column":4},"end":{"line":177,"column":5}},"101":{"start":{"line":169,"column":6},"end":{"line":174,"column":7}},"102":{"start":{"line":170,"column":8},"end":{"line":170,"column":111}},"103":{"start":{"line":171,"column":8},"end":{"line":171,"column":76}},"104":{"start":{"line":173,"column":8},"end":{"line":173,"column":71}},"105":{"start":{"line":176,"column":6},"end":{"line":176,"column":69}},"106":{"start":{"line":181,"column":0},"end":{"line":181,"column":28}}},"fnMap":{"0":{"name":"(anonymous_0)","decl":{"start":{"line":7,"column":2},"end":{"line":7,"column":3}},"loc":{"start":{"line":7,"column":29},"end":{"line":14,"column":3}},"line":7},"1":{"name":"(anonymous_1)","decl":{"start":{"line":16,"column":2},"end":{"line":16,"column":3}},"loc":{"start":{"line":16,"column":18},"end":{"line":27,"column":3}},"line":16},"2":{"name":"(anonymous_2)","decl":{"start":{"line":19,"column":60},"end":{"line":19,"column":61}},"loc":{"start":{"line":19,"column":71},"end":{"line":19,"column":114}},"line":19},"3":{"name":"(anonymous_3)","decl":{"start":{"line":22,"column":30},"end":{"line":22,"column":31}},"loc":{"start":{"line":22,"column":41},"end":{"line":22,"column":64}},"line":22},"4":{"name":"(anonymous_4)","decl":{"start":{"line":29,"column":2},"end":{"line":29,"column":3}},"loc":{"start":{"line":29,"column":27},"end":{"line":40,"column":3}},"line":29},"5":{"name":"(anonymous_5)","decl":{"start":{"line":42,"column":2},"end":{"line":42,"column":3}},"loc":{"start":{"line":42,"column":96},"end":{"line":57,"column":3}},"line":42},"6":{"name":"(anonymous_6)","decl":{"start":{"line":59,"column":2},"end":{"line":59,"column":3}},"loc":{"start":{"line":59,"column":22},"end":{"line":66,"column":3}},"line":59},"7":{"name":"(anonymous_7)","decl":{"start":{"line":61,"column":60},"end":{"line":61,"column":61}},"loc":{"start":{"line":61,"column":74},"end":{"line":61,"column":123}},"line":61},"8":{"name":"(anonymous_8)","decl":{"start":{"line":64,"column":30},"end":{"line":64,"column":31}},"loc":{"start":{"line":64,"column":44},"end":{"line":64,"column":73}},"line":64},"9":{"name":"(anonymous_9)","decl":{"start":{"line":68,"column":2},"end":{"line":68,"column":3}},"loc":{"start":{"line":68,"column":31},"end":{"line":81,"column":3}},"line":68},"10":{"name":"(anonymous_10)","decl":{"start":{"line":83,"column":2},"end":{"line":83,"column":3}},"loc":{"start":{"line":83,"column":89},"end":{"line":99,"column":3}},"line":83},"11":{"name":"(anonymous_11)","decl":{"start":{"line":101,"column":2},"end":{"line":101,"column":3}},"loc":{"start":{"line":101,"column":25},"end":{"line":107,"column":3}},"line":101},"12":{"name":"(anonymous_12)","decl":{"start":{"line":109,"column":2},"end":{"line":109,"column":3}},"loc":{"start":{"line":109,"column":52},"end":{"line":142,"column":3}},"line":109},"13":{"name":"(anonymous_13)","decl":{"start":{"line":114,"column":42},"end":{"line":114,"column":43}},"loc":{"start":{"line":114,"column":54},"end":{"line":114,"column":147}},"line":114},"14":{"name":"(anonymous_14)","decl":{"start":{"line":115,"column":25},"end":{"line":115,"column":26}},"loc":{"start":{"line":115,"column":33},"end":{"line":115,"column":63}},"line":115},"15":{"name":"(anonymous_15)","decl":{"start":{"line":118,"column":25},"end":{"line":118,"column":26}},"loc":{"start":{"line":118,"column":33},"end":{"line":118,"column":50}},"line":118},"16":{"name":"(anonymous_16)","decl":{"start":{"line":128,"column":44},"end":{"line":128,"column":45}},"loc":{"start":{"line":128,"column":56},"end":{"line":128,"column":110}},"line":128},"17":{"name":"(anonymous_17)","decl":{"start":{"line":129,"column":27},"end":{"line":129,"column":28}},"loc":{"start":{"line":129,"column":35},"end":{"line":129,"column":65}},"line":129},"18":{"name":"(anonymous_18)","decl":{"start":{"line":132,"column":27},"end":{"line":132,"column":28}},"loc":{"start":{"line":132,"column":35},"end":{"line":132,"column":52}},"line":132},"19":{"name":"(anonymous_19)","decl":{"start":{"line":144,"column":2},"end":{"line":144,"column":3}},"loc":{"start":{"line":144,"column":84},"end":{"line":153,"column":3}},"line":144},"20":{"name":"(anonymous_20)","decl":{"start":{"line":155,"column":2},"end":{"line":155,"column":3}},"loc":{"start":{"line":155,"column":22},"end":{"line":165,"column":3}},"line":155},"21":{"name":"(anonymous_21)","decl":{"start":{"line":167,"column":2},"end":{"line":167,"column":3}},"loc":{"start":{"line":167,"column":39},"end":{"line":178,"column":3}},"line":167}},"branchMap":{"0":{"loc":{"start":{"line":30,"column":4},"end":{"line":39,"column":5}},"type":"if","locations":[{"start":{"line":30,"column":4},"end":{"line":39,"column":5}},{"start":{"line":37,"column":11},"end":{"line":39,"column":5}}],"line":30},"1":{"loc":{"start":{"line":31,"column":6},"end":{"line":36,"column":7}},"type":"if","locations":[{"start":{"line":31,"column":6},"end":{"line":36,"column":7}},{"start":{"line":34,"column":13},"end":{"line":36,"column":7}}],"line":31},"2":{"loc":{"start":{"line":44,"column":6},"end":{"line":55,"column":7}},"type":"if","locations":[{"start":{"line":44,"column":6},"end":{"line":55,"column":7}},{"start":{"line":53,"column":13},"end":{"line":55,"column":7}}],"line":44},"3":{"loc":{"start":{"line":44,"column":10},"end":{"line":44,"column":184}},"type":"binary-expr","locations":[{"start":{"line":44,"column":10},"end":{"line":44,"column":45}},{"start":{"line":44,"column":49},"end":{"line":44,"column":82}},{"start":{"line":44,"column":86},"end":{"line":44,"column":108}},{"start":{"line":44,"column":112},"end":{"line":44,"column":140}},{"start":{"line":44,"column":144},"end":{"line":44,"column":184}}],"line":44},"4":{"loc":{"start":{"line":45,"column":8},"end":{"line":52,"column":9}},"type":"if","locations":[{"start":{"line":45,"column":8},"end":{"line":52,"column":9}},{"start":{},"end":{}}],"line":45},"5":{"loc":{"start":{"line":46,"column":10},"end":{"line":51,"column":11}},"type":"if","locations":[{"start":{"line":46,"column":10},"end":{"line":51,"column":11}},{"start":{"line":49,"column":17},"end":{"line":51,"column":11}}],"line":46},"6":{"loc":{"start":{"line":69,"column":4},"end":{"line":80,"column":5}},"type":"if","locations":[{"start":{"line":69,"column":4},"end":{"line":80,"column":5}},{"start":{"line":78,"column":11},"end":{"line":80,"column":5}}],"line":69},"7":{"loc":{"start":{"line":70,"column":6},"end":{"line":77,"column":7}},"type":"if","locations":[{"start":{"line":70,"column":6},"end":{"line":77,"column":7}},{"start":{"line":74,"column":13},"end":{"line":77,"column":7}}],"line":70},"8":{"loc":{"start":{"line":85,"column":6},"end":{"line":97,"column":7}},"type":"if","locations":[{"start":{"line":85,"column":6},"end":{"line":97,"column":7}},{"start":{"line":95,"column":13},"end":{"line":97,"column":7}}],"line":85},"9":{"loc":{"start":{"line":85,"column":10},"end":{"line":85,"column":184}},"type":"binary-expr","locations":[{"start":{"line":85,"column":10},"end":{"line":85,"column":45}},{"start":{"line":85,"column":49},"end":{"line":85,"column":82}},{"start":{"line":85,"column":86},"end":{"line":85,"column":108}},{"start":{"line":85,"column":112},"end":{"line":85,"column":140}},{"start":{"line":85,"column":144},"end":{"line":85,"column":184}}],"line":85},"10":{"loc":{"start":{"line":86,"column":8},"end":{"line":94,"column":9}},"type":"if","locations":[{"start":{"line":86,"column":8},"end":{"line":94,"column":9}},{"start":{"line":90,"column":15},"end":{"line":94,"column":9}}],"line":86},"11":{"loc":{"start":{"line":109,"column":39},"end":{"line":109,"column":50}},"type":"default-arg","locations":[{"start":{"line":109,"column":46},"end":{"line":109,"column":50}}],"line":109},"12":{"loc":{"start":{"line":110,"column":4},"end":{"line":141,"column":5}},"type":"if","locations":[{"start":{"line":110,"column":4},"end":{"line":141,"column":5}},{"start":{"line":123,"column":11},"end":{"line":141,"column":5}}],"line":110},"13":{"loc":{"start":{"line":114,"column":54},"end":{"line":114,"column":147}},"type":"binary-expr","locations":[{"start":{"line":114,"column":54},"end":{"line":114,"column":76}},{"start":{"line":114,"column":80},"end":{"line":114,"column":108}},{"start":{"line":114,"column":112},"end":{"line":114,"column":147}}],"line":114},"14":{"loc":{"start":{"line":117,"column":6},"end":{"line":122,"column":7}},"type":"if","locations":[{"start":{"line":117,"column":6},"end":{"line":122,"column":7}},{"start":{"line":119,"column":13},"end":{"line":122,"column":7}}],"line":117},"15":{"loc":{"start":{"line":126,"column":6},"end":{"line":140,"column":7}},"type":"if","locations":[{"start":{"line":126,"column":6},"end":{"line":140,"column":7}},{"start":{"line":137,"column":13},"end":{"line":140,"column":7}}],"line":126},"16":{"loc":{"start":{"line":128,"column":56},"end":{"line":128,"column":110}},"type":"binary-expr","locations":[{"start":{"line":128,"column":56},"end":{"line":128,"column":78}},{"start":{"line":128,"column":82},"end":{"line":128,"column":110}}],"line":128},"17":{"loc":{"start":{"line":131,"column":8},"end":{"line":136,"column":9}},"type":"if","locations":[{"start":{"line":131,"column":8},"end":{"line":136,"column":9}},{"start":{"line":133,"column":15},"end":{"line":136,"column":9}}],"line":131},"18":{"loc":{"start":{"line":146,"column":6},"end":{"line":151,"column":7}},"type":"if","locations":[{"start":{"line":146,"column":6},"end":{"line":151,"column":7}},{"start":{},"end":{}}],"line":146},"19":{"loc":{"start":{"line":146,"column":10},"end":{"line":146,"column":184}},"type":"binary-expr","locations":[{"start":{"line":146,"column":10},"end":{"line":146,"column":45}},{"start":{"line":146,"column":49},"end":{"line":146,"column":82}},{"start":{"line":146,"column":86},"end":{"line":146,"column":108}},{"start":{"line":146,"column":112},"end":{"line":146,"column":140}},{"start":{"line":146,"column":144},"end":{"line":146,"column":184}}],"line":146},"20":{"loc":{"start":{"line":156,"column":4},"end":{"line":164,"column":5}},"type":"if","locations":[{"start":{"line":156,"column":4},"end":{"line":164,"column":5}},{"start":{"line":162,"column":11},"end":{"line":164,"column":5}}],"line":156},"21":{"loc":{"start":{"line":157,"column":6},"end":{"line":161,"column":7}},"type":"if","locations":[{"start":{"line":157,"column":6},"end":{"line":161,"column":7}},{"start":{"line":159,"column":13},"end":{"line":161,"column":7}}],"line":157},"22":{"loc":{"start":{"line":168,"column":4},"end":{"line":177,"column":5}},"type":"if","locations":[{"start":{"line":168,"column":4},"end":{"line":177,"column":5}},{"start":{"line":175,"column":11},"end":{"line":177,"column":5}}],"line":168},"23":{"loc":{"start":{"line":169,"column":6},"end":{"line":174,"column":7}},"type":"if","locations":[{"start":{"line":169,"column":6},"end":{"line":174,"column":7}},{"start":{"line":172,"column":13},"end":{"line":174,"column":7}}],"line":169},"24":{"loc":{"start":{"line":170,"column":58},"end":{"line":170,"column":111}},"type":"binary-expr","locations":[{"start":{"line":170,"column":58},"end":{"line":170,"column":105}},{"start":{"line":170,"column":109},"end":{"line":170,"column":111}}],"line":170}},"s":{"0":4,"1":4,"2":4,"3":4,"4":37,"5":37,"6":37,"7":37,"8":37,"9":37,"10":1,"11":1,"12":1,"13":1,"14":1,"15":1,"16":1,"17":1,"18":1,"19":10,"20":9,"21":2,"22":2,"23":7,"24":1,"25":8,"26":7,"27":7,"28":7,"29":1,"30":1,"31":6,"32":0,"33":1,"34":1,"35":1,"36":1,"37":1,"38":1,"39":1,"40":10,"41":9,"42":1,"43":1,"44":1,"45":8,"46":8,"47":1,"48":12,"49":12,"50":12,"51":0,"52":0,"53":0,"54":12,"55":12,"56":12,"57":0,"58":0,"59":0,"60":0,"61":0,"62":3,"63":1,"64":1,"65":1,"66":1,"67":1,"68":1,"69":1,"70":1,"71":1,"72":1,"73":0,"74":0,"75":2,"76":2,"77":2,"78":1,"79":1,"80":1,"81":1,"82":0,"83":1,"84":0,"85":0,"86":1,"87":1,"88":1,"89":1,"90":0,"91":0,"92":0,"93":0,"94":0,"95":26,"96":25,"97":1,"98":24,"99":1,"100":25,"101":23,"102":22,"103":22,"104":1,"105":2,"106":4},"f":{"0":37,"1":1,"2":1,"3":1,"4":10,"5":8,"6":1,"7":1,"8":1,"9":10,"10":12,"11":0,"12":3,"13":1,"14":1,"15":1,"16":1,"17":0,"18":0,"19":0,"20":26,"21":25},"b":{"0":[9,1],"1":[2,7],"2":[7,0],"3":[7,7,7,7,7],"4":[7,0],"5":[1,6],"6":[9,1],"7":[1,8],"8":[12,0],"9":[12,12,12,12,12],"10":[0,12],"11":[2],"12":[1,2],"13":[1,1,1],"14":[1,0],"15":[1,1],"16":[1,0],"17":[0,1],"18":[0,0],"19":[0,0,0,0,0],"20":[25,1],"21":[1,24],"22":[23,2],"23":[22,1],"24":[22,22]},"_coverageSchema":"1a1c01bbd47fc00a2c39e90264f33305004495a9","hash":"e0c8f48eba75b275ae7601b86b9bee421bbbb8cf"}
,"C:\\Users\\zebro\\Documents\\SER 330\\Course-Registration-System-2025\\src\\instructor.js": {"path":"C:\\Users\\zebro\\Documents\\SER 330\\Course-Registration-System-2025\\src\\instructor.js","statementMap":{"0":{"start":{"line":1,"column":15},"end":{"line":1,"column":37}},"1":{"start":{"line":5,"column":4},"end":{"line":5,"column":75}},"2":{"start":{"line":7,"column":4},"end":{"line":7,"column":24}},"3":{"start":{"line":11,"column":4},"end":{"line":26,"column":5}},"4":{"start":{"line":12,"column":23},"end":{"line":12,"column":107}},"5":{"start":{"line":12,"column":56},"end":{"line":12,"column":106}},"6":{"start":{"line":13,"column":21},"end":{"line":13,"column":103}},"7":{"start":{"line":13,"column":45},"end":{"line":13,"column":102}},"8":{"start":{"line":14,"column":6},"end":{"line":14,"column":52}},"9":{"start":{"line":14,"column":34},"end":{"line":14,"column":51}},"10":{"start":{"line":15,"column":11},"end":{"line":26,"column":5}},"11":{"start":{"line":16,"column":23},"end":{"line":16,"column":77}},"12":{"start":{"line":16,"column":56},"end":{"line":16,"column":76}},"13":{"start":{"line":17,"column":21},"end":{"line":17,"column":103}},"14":{"start":{"line":17,"column":45},"end":{"line":17,"column":102}},"15":{"start":{"line":18,"column":6},"end":{"line":18,"column":52}},"16":{"start":{"line":18,"column":34},"end":{"line":18,"column":51}},"17":{"start":{"line":19,"column":11},"end":{"line":26,"column":5}},"18":{"start":{"line":20,"column":23},"end":{"line":20,"column":83}},"19":{"start":{"line":20,"column":56},"end":{"line":20,"column":82}},"20":{"start":{"line":21,"column":21},"end":{"line":21,"column":103}},"21":{"start":{"line":21,"column":45},"end":{"line":21,"column":102}},"22":{"start":{"line":22,"column":6},"end":{"line":22,"column":52}},"23":{"start":{"line":22,"column":34},"end":{"line":22,"column":51}},"24":{"start":{"line":24,"column":21},"end":{"line":24,"column":110}},"25":{"start":{"line":24,"column":52},"end":{"line":24,"column":109}},"26":{"start":{"line":25,"column":6},"end":{"line":25,"column":52}},"27":{"start":{"line":25,"column":34},"end":{"line":25,"column":51}},"28":{"start":{"line":30,"column":4},"end":{"line":33,"column":48}},"29":{"start":{"line":37,"column":0},"end":{"line":37,"column":27}}},"fnMap":{"0":{"name":"(anonymous_0)","decl":{"start":{"line":4,"column":2},"end":{"line":4,"column":3}},"loc":{"start":{"line":4,"column":67},"end":{"line":8,"column":3}},"line":4},"1":{"name":"(anonymous_1)","decl":{"start":{"line":10,"column":2},"end":{"line":10,"column":3}},"loc":{"start":{"line":10,"column":45},"end":{"line":27,"column":3}},"line":10},"2":{"name":"(anonymous_2)","decl":{"start":{"line":12,"column":46},"end":{"line":12,"column":47}},"loc":{"start":{"line":12,"column":56},"end":{"line":12,"column":106}},"line":12},"3":{"name":"(anonymous_3)","decl":{"start":{"line":13,"column":35},"end":{"line":13,"column":36}},"loc":{"start":{"line":13,"column":45},"end":{"line":13,"column":102}},"line":13},"4":{"name":"(anonymous_4)","decl":{"start":{"line":14,"column":24},"end":{"line":14,"column":25}},"loc":{"start":{"line":14,"column":34},"end":{"line":14,"column":51}},"line":14},"5":{"name":"(anonymous_5)","decl":{"start":{"line":16,"column":46},"end":{"line":16,"column":47}},"loc":{"start":{"line":16,"column":56},"end":{"line":16,"column":76}},"line":16},"6":{"name":"(anonymous_6)","decl":{"start":{"line":17,"column":35},"end":{"line":17,"column":36}},"loc":{"start":{"line":17,"column":45},"end":{"line":17,"column":102}},"line":17},"7":{"name":"(anonymous_7)","decl":{"start":{"line":18,"column":24},"end":{"line":18,"column":25}},"loc":{"start":{"line":18,"column":34},"end":{"line":18,"column":51}},"line":18},"8":{"name":"(anonymous_8)","decl":{"start":{"line":20,"column":46},"end":{"line":20,"column":47}},"loc":{"start":{"line":20,"column":56},"end":{"line":20,"column":82}},"line":20},"9":{"name":"(anonymous_9)","decl":{"start":{"line":21,"column":35},"end":{"line":21,"column":36}},"loc":{"start":{"line":21,"column":45},"end":{"line":21,"column":102}},"line":21},"10":{"name":"(anonymous_10)","decl":{"start":{"line":22,"column":24},"end":{"line":22,"column":25}},"loc":{"start":{"line":22,"column":34},"end":{"line":22,"column":51}},"line":22},"11":{"name":"(anonymous_11)","decl":{"start":{"line":24,"column":42},"end":{"line":24,"column":43}},"loc":{"start":{"line":24,"column":52},"end":{"line":24,"column":109}},"line":24},"12":{"name":"(anonymous_12)","decl":{"start":{"line":25,"column":24},"end":{"line":25,"column":25}},"loc":{"start":{"line":25,"column":34},"end":{"line":25,"column":51}},"line":25},"13":{"name":"(anonymous_13)","decl":{"start":{"line":29,"column":2},"end":{"line":29,"column":3}},"loc":{"start":{"line":29,"column":14},"end":{"line":34,"column":3}},"line":29}},"branchMap":{"0":{"loc":{"start":{"line":10,"column":16},"end":{"line":10,"column":27}},"type":"default-arg","locations":[{"start":{"line":10,"column":23},"end":{"line":10,"column":27}}],"line":10},"1":{"loc":{"start":{"line":10,"column":29},"end":{"line":10,"column":43}},"type":"default-arg","locations":[{"start":{"line":10,"column":39},"end":{"line":10,"column":43}}],"line":10},"2":{"loc":{"start":{"line":11,"column":4},"end":{"line":26,"column":5}},"type":"if","locations":[{"start":{"line":11,"column":4},"end":{"line":26,"column":5}},{"start":{"line":15,"column":11},"end":{"line":26,"column":5}}],"line":11},"3":{"loc":{"start":{"line":11,"column":8},"end":{"line":11,"column":41}},"type":"binary-expr","locations":[{"start":{"line":11,"column":8},"end":{"line":11,"column":21}},{"start":{"line":11,"column":25},"end":{"line":11,"column":41}}],"line":11},"4":{"loc":{"start":{"line":12,"column":56},"end":{"line":12,"column":106}},"type":"binary-expr","locations":[{"start":{"line":12,"column":56},"end":{"line":12,"column":76}},{"start":{"line":12,"column":80},"end":{"line":12,"column":106}}],"line":12},"5":{"loc":{"start":{"line":15,"column":11},"end":{"line":26,"column":5}},"type":"if","locations":[{"start":{"line":15,"column":11},"end":{"line":26,"column":5}},{"start":{"line":19,"column":11},"end":{"line":26,"column":5}}],"line":15},"6":{"loc":{"start":{"line":19,"column":11},"end":{"line":26,"column":5}},"type":"if","locations":[{"start":{"line":19,"column":11},"end":{"line":26,"column":5}},{"start":{"line":23,"column":11},"end":{"line":26,"column":5}}],"line":19}},"s":{"0":4,"1":14,"2":14,"3":4,"4":1,"5":3,"6":1,"7":0,"8":1,"9":1,"10":3,"11":1,"12":3,"13":1,"14":1,"15":1,"16":2,"17":2,"18":1,"19":3,"20":1,"21":1,"22":1,"23":2,"24":1,"25":2,"26":1,"27":3,"28":1,"29":4},"f":{"0":14,"1":4,"2":3,"3":0,"4":1,"5":3,"6":1,"7":2,"8":3,"9":1,"10":2,"11":2,"12":3,"13":1},"b":{"0":[1],"1":[2],"2":[1,3],"3":[4,2],"4":[3,1],"5":[1,2],"6":[1,1]},"_coverageSchema":"1a1c01bbd47fc00a2c39e90264f33305004495a9","hash":"0cc95c3c6945ed8c4b54f6afdf5e8aa85ad800ab"}
,"C:\\Users\\zebro\\Documents\\SER 330\\Course-Registration-System-2025\\src\\person.js": {"path":"C:\\Users\\zebro\\Documents\\SER 330\\Course-Registration-System-2025\\src\\person.js","statementMap":{"0":{"start":{"line":3,"column":4},"end":{"line":3,"column":28}},"1":{"start":{"line":4,"column":4},"end":{"line":4,"column":30}},"2":{"start":{"line":5,"column":4},"end":{"line":5,"column":24}},"3":{"start":{"line":6,"column":4},"end":{"line":6,"column":44}},"4":{"start":{"line":7,"column":4},"end":{"line":7,"column":28}},"5":{"start":{"line":8,"column":4},"end":{"line":8,"column":34}},"6":{"start":{"line":12,"column":4},"end":{"line":12,"column":51}},"7":{"start":{"line":16,"column":4},"end":{"line":20,"column":54}},"8":{"start":{"line":24,"column":0},"end":{"line":24,"column":23}}},"fnMap":{"0":{"name":"(anonymous_0)","decl":{"start":{"line":2,"column":2},"end":{"line":2,"column":3}},"loc":{"start":{"line":2,"column":80},"end":{"line":9,"column":3}},"line":2},"1":{"name":"(anonymous_1)","decl":{"start":{"line":11,"column":2},"end":{"line":11,"column":3}},"loc":{"start":{"line":11,"column":15},"end":{"line":13,"column":3}},"line":11},"2":{"name":"(anonymous_2)","decl":{"start":{"line":15,"column":2},"end":{"line":15,"column":3}},"loc":{"start":{"line":15,"column":14},"end":{"line":21,"column":3}},"line":15}},"branchMap":{},"s":{"0":33,"1":33,"2":33,"3":33,"4":33,"5":33,"6":5,"7":1,"8":5},"f":{"0":33,"1":5,"2":1},"b":{},"_coverageSchema":"1a1c01bbd47fc00a2c39e90264f33305004495a9","hash":"119201d7abca34501c77d488cecc4452f4179bfc"}
,"C:\\Users\\zebro\\Documents\\SER 330\\Course-Registration-System-2025\\src\\student.js": {"path":"C:\\Users\\zebro\\Documents\\SER 330\\Course-Registration-System-2025\\src\\student.js","statementMap":{"0":{"start":{"line":1,"column":15},"end":{"line":1,"column":37}},"1":{"start":{"line":5,"column":4},"end":{"line":5,"column":72}},"2":{"start":{"line":6,"column":4},"end":{"line":6,"column":24}},"3":{"start":{"line":7,"column":4},"end":{"line":7,"column":24}},"4":{"start":{"line":11,"column":20},"end":{"line":16,"column":8}},"5":{"start":{"line":13,"column":31},"end":{"line":13,"column":46}},"6":{"start":{"line":14,"column":8},"end":{"line":14,"column":55}},"7":{"start":{"line":14,"column":34},"end":{"line":14,"column":55}},"8":{"start":{"line":15,"column":8},"end":{"line":15,"column":36}},"9":{"start":{"line":17,"column":4},"end":{"line":17,"column":18}},"10":{"start":{"line":21,"column":16},"end":{"line":21,"column":17}},"11":{"start":{"line":22,"column":4},"end":{"line":24,"column":5}},"12":{"start":{"line":23,"column":6},"end":{"line":23,"column":31}},"13":{"start":{"line":25,"column":4},"end":{"line":25,"column":16}},"14":{"start":{"line":29,"column":17},"end":{"line":29,"column":18}},"15":{"start":{"line":30,"column":20},"end":{"line":30,"column":21}},"16":{"start":{"line":32,"column":23},"end":{"line":46,"column":5}},"17":{"start":{"line":48,"column":4},"end":{"line":53,"column":5}},"18":{"start":{"line":49,"column":6},"end":{"line":52,"column":7}},"19":{"start":{"line":50,"column":8},"end":{"line":50,"column":68}},"20":{"start":{"line":51,"column":8},"end":{"line":51,"column":37}},"21":{"start":{"line":55,"column":16},"end":{"line":55,"column":56}},"22":{"start":{"line":56,"column":4},"end":{"line":56,"column":14}},"23":{"start":{"line":60,"column":4},"end":{"line":66,"column":46}},"24":{"start":{"line":70,"column":0},"end":{"line":70,"column":24}}},"fnMap":{"0":{"name":"(anonymous_0)","decl":{"start":{"line":4,"column":2},"end":{"line":4,"column":3}},"loc":{"start":{"line":4,"column":67},"end":{"line":8,"column":3}},"line":4},"1":{"name":"(anonymous_1)","decl":{"start":{"line":10,"column":2},"end":{"line":10,"column":3}},"loc":{"start":{"line":10,"column":18},"end":{"line":18,"column":3}},"line":10},"2":{"name":"(anonymous_2)","decl":{"start":{"line":12,"column":12},"end":{"line":12,"column":13}},"loc":{"start":{"line":12,"column":22},"end":{"line":16,"column":7}},"line":12},"3":{"name":"(anonymous_3)","decl":{"start":{"line":20,"column":2},"end":{"line":20,"column":3}},"loc":{"start":{"line":20,"column":17},"end":{"line":26,"column":3}},"line":20},"4":{"name":"(anonymous_4)","decl":{"start":{"line":28,"column":2},"end":{"line":28,"column":3}},"loc":{"start":{"line":28,"column":13},"end":{"line":57,"column":3}},"line":28},"5":{"name":"(anonymous_5)","decl":{"start":{"line":59,"column":2},"end":{"line":59,"column":3}},"loc":{"start":{"line":59,"column":14},"end":{"line":67,"column":3}},"line":59}},"branchMap":{"0":{"loc":{"start":{"line":14,"column":8},"end":{"line":14,"column":55}},"type":"if","locations":[{"start":{"line":14,"column":8},"end":{"line":14,"column":55}},{"start":{},"end":{}}],"line":14},"1":{"loc":{"start":{"line":49,"column":6},"end":{"line":52,"column":7}},"type":"if","locations":[{"start":{"line":49,"column":6},"end":{"line":52,"column":7}},{"start":{},"end":{}}],"line":49},"2":{"loc":{"start":{"line":55,"column":16},"end":{"line":55,"column":56}},"type":"cond-expr","locations":[{"start":{"line":55,"column":34},"end":{"line":55,"column":35}},{"start":{"line":55,"column":38},"end":{"line":55,"column":56}}],"line":55}},"s":{"0":4,"1":16,"2":16,"3":16,"4":1,"5":3,"6":3,"7":3,"8":0,"9":1,"10":5,"11":5,"12":4,"13":5,"14":6,"15":6,"16":6,"17":6,"18":5,"19":0,"20":0,"21":6,"22":6,"23":5,"24":4},"f":{"0":16,"1":1,"2":3,"3":5,"4":6,"5":5},"b":{"0":[3,0],"1":[0,5],"2":[6,0]},"_coverageSchema":"1a1c01bbd47fc00a2c39e90264f33305004495a9","hash":"0335f2e3135b81fdaa977600e421dbbcc3a2127a"}
}
