TN:
SF:src\course-offering.js
FN:4,(anonymous_0)
FN:14,(anonymous_1)
FN:21,(anonymous_2)
FN:25,(anonymous_3)
FN:42,(anonymous_4)
FN:50,(anonymous_5)
FNF:6
FNH:6
FNDA:27,(anonymous_0)
FNDA:10,(anonymous_1)
FNDA:8,(anonymous_2)
FNDA:7,(anonymous_3)
FNDA:1,(anonymous_4)
FNDA:40,(anonymous_5)
DA:1,4
DA:5,27
DA:6,27
DA:7,27
DA:8,27
DA:9,27
DA:10,27
DA:11,27
DA:15,10
DA:16,11
DA:17,11
DA:22,8
DA:26,7
DA:27,7
DA:29,6
DA:30,6
DA:31,6
DA:36,1
DA:43,1
DA:44,1
DA:46,0
DA:51,40
DA:52,28
DA:54,12
DA:60,4
LF:25
LH:24
BRDA:27,0,0,6
BRDA:27,0,1,1
BRDA:27,1,0,7
BRDA:27,1,1,7
BRDA:43,2,0,1
BRDA:43,2,1,0
BRDA:51,3,0,28
BRDA:51,3,1,12
BRF:8
BRH:7
end_of_record
TN:
SF:src\course.js
FN:2,(anonymous_0)
FN:9,(anonymous_1)
FNF:2
FNH:2
FNDA:29,(anonymous_0)
FNDA:1,(anonymous_1)
DA:3,29
DA:4,29
DA:5,29
DA:6,29
DA:11,1
DA:15,5
LF:6
LH:6
BRF:0
BRH:0
end_of_record
TN:
SF:src\institution.js
FN:7,(anonymous_0)
FN:16,(anonymous_1)
FN:19,(anonymous_2)
FN:22,(anonymous_3)
FN:29,(anonymous_4)
FN:42,(anonymous_5)
FN:59,(anonymous_6)
FN:61,(anonymous_7)
FN:64,(anonymous_8)
FN:68,(anonymous_9)
FN:83,(anonymous_10)
FN:101,(anonymous_11)
FN:109,(anonymous_12)
FN:114,(anonymous_13)
FN:115,(anonymous_14)
FN:118,(anonymous_15)
FN:128,(anonymous_16)
FN:129,(anonymous_17)
FN:132,(anonymous_18)
FN:144,(anonymous_19)
FN:155,(anonymous_20)
FN:167,(anonymous_21)
FNF:22
FNH:18
FNDA:37,(anonymous_0)
FNDA:1,(anonymous_1)
FNDA:1,(anonymous_2)
FNDA:1,(anonymous_3)
FNDA:10,(anonymous_4)
FNDA:8,(anonymous_5)
FNDA:1,(anonymous_6)
FNDA:1,(anonymous_7)
FNDA:1,(anonymous_8)
FNDA:10,(anonymous_9)
FNDA:12,(anonymous_10)
FNDA:0,(anonymous_11)
FNDA:3,(anonymous_12)
FNDA:1,(anonymous_13)
FNDA:1,(anonymous_14)
FNDA:1,(anonymous_15)
FNDA:1,(anonymous_16)
FNDA:0,(anonymous_17)
FNDA:0,(anonymous_18)
FNDA:0,(anonymous_19)
FNDA:26,(anonymous_20)
FNDA:25,(anonymous_21)
DA:1,4
DA:2,4
DA:3,4
DA:4,4
DA:8,37
DA:9,37
DA:10,37
DA:11,37
DA:12,37
DA:13,37
DA:17,1
DA:19,1
DA:20,1
DA:22,1
DA:24,1
DA:25,1
DA:26,1
DA:30,10
DA:31,9
DA:32,2
DA:33,2
DA:35,7
DA:38,1
DA:43,8
DA:44,7
DA:45,7
DA:46,7
DA:47,1
DA:48,1
DA:50,6
DA:54,0
DA:61,1
DA:62,1
DA:63,1
DA:64,1
DA:65,1
DA:69,10
DA:70,9
DA:71,1
DA:72,1
DA:73,1
DA:75,8
DA:76,8
DA:79,1
DA:84,12
DA:85,12
DA:86,12
DA:87,0
DA:88,0
DA:89,0
DA:91,12
DA:92,12
DA:93,12
DA:96,0
DA:102,0
DA:103,0
DA:104,0
DA:106,0
DA:110,3
DA:111,1
DA:112,1
DA:113,1
DA:114,1
DA:115,1
DA:117,1
DA:118,1
DA:120,0
DA:121,0
DA:124,2
DA:125,2
DA:126,2
DA:127,1
DA:128,1
DA:129,1
DA:131,1
DA:132,0
DA:134,1
DA:135,1
DA:138,1
DA:139,1
DA:145,0
DA:146,0
DA:147,0
DA:148,0
DA:149,0
DA:156,26
DA:157,25
DA:158,1
DA:160,24
DA:163,1
DA:168,25
DA:169,23
DA:170,22
DA:171,22
DA:173,1
DA:176,2
DA:181,4
LF:97
LH:80
BRDA:30,0,0,9
BRDA:30,0,1,1
BRDA:31,1,0,2
BRDA:31,1,1,7
BRDA:44,2,0,7
BRDA:44,2,1,0
BRDA:44,3,0,7
BRDA:44,3,1,7
BRDA:44,3,2,7
BRDA:44,3,3,7
BRDA:44,3,4,7
BRDA:45,4,0,7
BRDA:45,4,1,0
BRDA:46,5,0,1
BRDA:46,5,1,6
BRDA:69,6,0,9
BRDA:69,6,1,1
BRDA:70,7,0,1
BRDA:70,7,1,8
BRDA:85,8,0,12
BRDA:85,8,1,0
BRDA:85,9,0,12
BRDA:85,9,1,12
BRDA:85,9,2,12
BRDA:85,9,3,12
BRDA:85,9,4,12
BRDA:86,10,0,0
BRDA:86,10,1,12
BRDA:109,11,0,2
BRDA:110,12,0,1
BRDA:110,12,1,2
BRDA:114,13,0,1
BRDA:114,13,1,1
BRDA:114,13,2,1
BRDA:117,14,0,1
BRDA:117,14,1,0
BRDA:126,15,0,1
BRDA:126,15,1,1
BRDA:128,16,0,1
BRDA:128,16,1,0
BRDA:131,17,0,0
BRDA:131,17,1,1
BRDA:146,18,0,0
BRDA:146,18,1,0
BRDA:146,19,0,0
BRDA:146,19,1,0
BRDA:146,19,2,0
BRDA:146,19,3,0
BRDA:146,19,4,0
BRDA:156,20,0,25
BRDA:156,20,1,1
BRDA:157,21,0,1
BRDA:157,21,1,24
BRDA:168,22,0,23
BRDA:168,22,1,2
BRDA:169,23,0,22
BRDA:169,23,1,1
BRDA:170,24,0,22
BRDA:170,24,1,22
BRF:59
BRH:45
end_of_record
TN:
SF:src\instructor.js
FN:4,(anonymous_0)
FN:10,(anonymous_1)
FN:12,(anonymous_2)
FN:13,(anonymous_3)
FN:14,(anonymous_4)
FN:16,(anonymous_5)
FN:17,(anonymous_6)
FN:18,(anonymous_7)
FN:20,(anonymous_8)
FN:21,(anonymous_9)
FN:22,(anonymous_10)
FN:24,(anonymous_11)
FN:25,(anonymous_12)
FN:29,(anonymous_13)
FNF:14
FNH:13
FNDA:14,(anonymous_0)
FNDA:4,(anonymous_1)
FNDA:3,(anonymous_2)
FNDA:0,(anonymous_3)
FNDA:1,(anonymous_4)
FNDA:3,(anonymous_5)
FNDA:1,(anonymous_6)
FNDA:2,(anonymous_7)
FNDA:3,(anonymous_8)
FNDA:1,(anonymous_9)
FNDA:2,(anonymous_10)
FNDA:2,(anonymous_11)
FNDA:3,(anonymous_12)
FNDA:1,(anonymous_13)
DA:1,4
DA:5,14
DA:7,14
DA:11,4
DA:12,3
DA:13,1
DA:14,1
DA:15,3
DA:16,3
DA:17,1
DA:18,2
DA:19,2
DA:20,3
DA:21,1
DA:22,2
DA:24,2
DA:25,3
DA:30,1
DA:37,4
LF:19
LH:19
BRDA:10,0,0,1
BRDA:10,1,0,2
BRDA:11,2,0,1
BRDA:11,2,1,3
BRDA:11,3,0,4
BRDA:11,3,1,2
BRDA:12,4,0,3
BRDA:12,4,1,1
BRDA:15,5,0,1
BRDA:15,5,1,2
BRDA:19,6,0,1
BRDA:19,6,1,1
BRF:12
BRH:12
end_of_record
TN:
SF:src\person.js
FN:2,(anonymous_0)
FN:11,(anonymous_1)
FN:15,(anonymous_2)
FNF:3
FNH:3
FNDA:33,(anonymous_0)
FNDA:5,(anonymous_1)
FNDA:1,(anonymous_2)
DA:3,33
DA:4,33
DA:5,33
DA:6,33
DA:7,33
DA:8,33
DA:12,5
DA:16,1
DA:24,5
LF:9
LH:9
BRF:0
BRH:0
end_of_record
TN:
SF:src\student.js
FN:4,(anonymous_0)
FN:10,(anonymous_1)
FN:12,(anonymous_2)
FN:20,(anonymous_3)
FN:28,(anonymous_4)
FN:59,(anonymous_5)
FNF:6
FNH:6
FNDA:16,(anonymous_0)
FNDA:1,(anonymous_1)
FNDA:3,(anonymous_2)
FNDA:5,(anonymous_3)
FNDA:6,(anonymous_4)
FNDA:5,(anonymous_5)
DA:1,4
DA:5,16
DA:6,16
DA:7,16
DA:11,1
DA:13,3
DA:14,3
DA:15,0
DA:17,1
DA:21,5
DA:22,5
DA:23,4
DA:25,5
DA:29,6
DA:30,6
DA:32,6
DA:48,6
DA:49,5
DA:50,0
DA:51,0
DA:55,6
DA:56,6
DA:60,5
DA:70,4
LF:24
LH:21
BRDA:14,0,0,3
BRDA:14,0,1,0
BRDA:49,1,0,0
BRDA:49,1,1,5
BRDA:55,2,0,6
BRDA:55,2,1,0
BRF:6
BRH:3
end_of_record
